/root/.openclaw/workspace/HiddenProject/ressources/views/dashboard_scolarite_content.php
/root/.openclaw/workspace/HiddenProject/ressources/views/gestion_etudiants/ajouter_des_etudiants.php
/root/.openclaw/workspace/HiddenProject/ressources/views/candidature_soutenance_content.php
/root/.openclaw/workspace/HiddenProject/ressources/views/gestion_rapports_content.php
/root/.openclaw/workspace/HiddenProject/ressources/views/gestion_reclamations_content.php
/root/.openclaw/workspace/HiddenProject/ressources/views/consultation_cr_etud_content.php
/root/.openclaw/workspace/HiddenProject/ressources/views/dashboard_commission_content.php
/root/.openclaw/workspace/HiddenProject/ressources/views/evaluations_dossiers_soutenance_content.php
/root/.openclaw/workspace/HiddenProject/ressources/views/redaction_compte_rendu_content.php
/root/.openclaw/workspace/HiddenProject/ressources/views/Programation_soutenance_content.php
/root/.openclaw/workspace/HiddenProject/ressources/views/edition_bulletin_content.php
/root/.openclaw/workspace/HiddenProject/ressources/views/profil_content.php
/root/.openclaw/workspace/HiddenProject/ressources/views/dashboard_content.php
/root/.openclaw/workspace/HiddenProject/ressources/views/v2/admin_dashboard.php
/root/.openclaw/workspace/HiddenProject/ressources/views/gestion_scolarite_content.php
/root/.openclaw/workspace/HiddenProject/ressources/views/gestion_notes_evaluations_content.php
/root/.openclaw/workspace/HiddenProject/ressources/views/gestion_dossiers_candidatures_content.php
/root/.openclaw/workspace/HiddenProject/ressources/views/gestion_reclamations_scolarite_content.php
/root/.openclaw/workspace/HiddenProject/ressources/views/mise_en_ligne_memoire_content.php
/root/.openclaw/workspace/HiddenProject/ressources/views/parametres_generaux/annees_academiques.php
/root/.openclaw/workspace/HiddenProject/ressources/views/parametres_specifiques_content.php
/root/.openclaw/workspace/HiddenProject/ressources/views/parametres_generaux/gestion_menus.php
/root/.openclaw/workspace/HiddenProject/ressources/views/tableau_bord_enseignant_content.php
/root/.openclaw/workspace/HiddenProject/ressources/views/dashboard_enseignant_content.php
/root/.openclaw/workspace/HiddenProject/ressources/views/v2/enseignant_dashboard.php
/root/.openclaw/workspace/HiddenProject/ressources/views/soutenance_ens_content.php
/root/.openclaw/workspace/HiddenProject/ressources/views/repertoire_enseignant_content.php
/root/.openclaw/workspace/HiddenProject/ressources/views/rapport_a_valider_content.php
/root/.openclaw/workspace/HiddenProject/ressources/views/processus_validation_content.php
/root/.openclaw/workspace/HiddenProject/ressources/views/evaluation_soutenance_content.php
/root/.openclaw/workspace/HiddenProject/ressources/views/parametres_generaux_content.php
/root/.openclaw/workspace/HiddenProject/ressources/views/parametres_generaux/filieres.php
/root/.openclaw/workspace/HiddenProject/ressources/views/parametres_generaux/mode_paiement.php
/root/.openclaw/workspace/HiddenProject/ressources/views/gestion_utilisateurs_content.php
/root/.openclaw/workspace/HiddenProject/ressources/views/v2/archives/hub_historique.php
/root/.openclaw/workspace/HiddenProject/ressources/views/parametres_generaux/salles.php
